VmPeak:	   64376 kB
VmSize:	   60480 kB
VmRSS:	   32192 kB
VmPeak:	   64376 kB
VmSize:	   60476 kB
VmRSS:	   32240 kB
VmPeak:	   66492 kB
VmSize:	   48588 kB
VmRSS:	   30976 kB
VmPeak:	   13072 kB
VmSize:	    6996 kB
VmRSS:	    4484 kB
VmPeak:	   66504 kB
VmSize:	   49648 kB
VmRSS:	   32040 kB
VmPeak:	   66492 kB
VmSize:	   49664 kB
VmRSS:	   31484 kB
VmPeak:	    9464 kB
VmSize:	    9428 kB
VmRSS:	    7216 kB
VmPeak:	   66492 kB
VmSize:	   49612 kB
VmRSS:	   31412 kB
VmPeak:	   66500 kB
VmSize:	   50644 kB
VmRSS:	   32696 kB
VmPeak:	    9464 kB
VmSize:	    9428 kB
VmRSS:	    7136 kB
VmPeak:	    9464 kB
VmSize:	    9428 kB
VmRSS:	    7216 kB
VmPeak:	    9464 kB
VmSize:	    9428 kB
VmRSS:	    6936 kB
VmPeak:	    9464 kB
VmSize:	    9428 kB
VmRSS:	    7192 kB
VmPeak:	   13072 kB
VmSize:	    6996 kB
VmRSS:	    4156 kB
VmPeak:	   66492 kB
VmSize:	   48588 kB
VmRSS:	   30984 kB
VmPeak:	   66504 kB
VmSize:	   49648 kB
VmRSS:	   32044 kB
VmPeak:	   66492 kB
VmSize:	   49664 kB
VmRSS:	   31488 kB
VmPeak:	    9464 kB
VmSize:	    9428 kB
VmRSS:	    7208 kB
VmPeak:	   66500 kB
VmSize:	   50644 kB
VmRSS:	   32704 kB
VmPeak:	   13072 kB
VmSize:	    6996 kB
VmRSS:	    4356 kB
VmPeak:	   66492 kB
VmSize:	   48588 kB
VmRSS:	   30980 kB
VmPeak:	   13072 kB
VmSize:	    6996 kB
VmRSS:	    4412 kB
VmPeak:	   66492 kB
VmSize:	   48588 kB
VmRSS:	   30972 kB
